<?xml version="1.0" encoding="UTF-8"?>
<!-- Generated by org.testng.reporters.JUnitXMLReporter -->
<testsuite ignored="0" hostname="Vignesh" failures="0" tests="7" name="Default test" time="37.79" errors="0" timestamp="2023-01-21T18:14:39 IST">
  <testcase classname="com.sakshi.testscript.Login" name="emptyUsnCheck" time="0.263"/>
  <testcase classname="com.sakshi.testscript.Login" name="emptyUsnPwdCheck" time="0.134"/>
  <testcase classname="com.sakshi.testscript.Login" name="emptypwdCheck" time="0.225"/>
  <testcase classname="com.sakshi.testscript.Login" name="isSelected" time="0.052"/>
  <testcase classname="com.sakshi.testscript.Login" name="isSorted" time="6.463"/>
  <testcase classname="com.sakshi.testscript.Login" name="ischecked" time="0.124"/>
  <testcase classname="com.sakshi.testscript.Login" name="placeHolderCheck" time="0.096"/>
</testsuite> <!-- Default test -->
