<?xml version="1.0" encoding="UTF-8"?>
<testng-results ignored="0" total="7" passed="7" failed="0" skipped="0">
  <reporter-output>
    <line>
      <![CDATA[123456]]>
    </line>
    <line>
      <![CDATA[avbghhjs]]>
    </line>
  </reporter-output>
  <suite started-at="2023-01-21T18:14:01 IST" name="Default suite" finished-at="2023-01-21T18:14:38 IST" duration-ms="37790">
    <groups>
    </groups>
    <test started-at="2023-01-21T18:14:01 IST" name="Default test" finished-at="2023-01-21T18:14:38 IST" duration-ms="37790">
      <class name="com.sakshi.testscript.Login">
        <test-method is-config="true" signature="openbrowser()[pri:0, instance:com.sakshi.testscript.Login@4803b726]" started-at="2023-01-21T18:14:01 IST" name="openbrowser" finished-at="2023-01-21T18:14:04 IST" duration-ms="3617" status="PASS">
          <reporter-output>
          </reporter-output>
        </test-method> <!-- openbrowser -->
        <test-method is-config="true" signature="login()[pri:0, instance:com.sakshi.testscript.Login@4803b726]" started-at="2023-01-21T18:14:04 IST" name="login" finished-at="2023-01-21T18:14:07 IST" duration-ms="2955" status="PASS">
          <reporter-output>
          </reporter-output>
        </test-method> <!-- login -->
        <test-method signature="emptyUsnCheck()[pri:0, instance:com.sakshi.testscript.Login@4803b726]" started-at="2023-01-21T18:14:07 IST" name="emptyUsnCheck" finished-at="2023-01-21T18:14:08 IST" duration-ms="263" status="PASS">
          <reporter-output>
          </reporter-output>
        </test-method> <!-- emptyUsnCheck -->
        <test-method is-config="true" signature="logout()[pri:0, instance:com.sakshi.testscript.Login@4803b726]" started-at="2023-01-21T18:14:08 IST" name="logout" finished-at="2023-01-21T18:14:11 IST" duration-ms="3003" status="PASS">
          <reporter-output>
          </reporter-output>
        </test-method> <!-- logout -->
        <test-method is-config="true" signature="login()[pri:0, instance:com.sakshi.testscript.Login@4803b726]" started-at="2023-01-21T18:14:11 IST" name="login" finished-at="2023-01-21T18:14:11 IST" duration-ms="179" status="PASS">
          <reporter-output>
          </reporter-output>
        </test-method> <!-- login -->
        <test-method signature="emptyUsnPwdCheck()[pri:0, instance:com.sakshi.testscript.Login@4803b726]" started-at="2023-01-21T18:14:11 IST" name="emptyUsnPwdCheck" finished-at="2023-01-21T18:14:11 IST" duration-ms="134" status="PASS">
          <reporter-output>
          </reporter-output>
        </test-method> <!-- emptyUsnPwdCheck -->
        <test-method is-config="true" signature="logout()[pri:0, instance:com.sakshi.testscript.Login@4803b726]" started-at="2023-01-21T18:14:11 IST" name="logout" finished-at="2023-01-21T18:14:14 IST" duration-ms="3009" status="PASS">
          <reporter-output>
          </reporter-output>
        </test-method> <!-- logout -->
        <test-method is-config="true" signature="login()[pri:0, instance:com.sakshi.testscript.Login@4803b726]" started-at="2023-01-21T18:14:14 IST" name="login" finished-at="2023-01-21T18:14:14 IST" duration-ms="385" status="PASS">
          <reporter-output>
          </reporter-output>
        </test-method> <!-- login -->
        <test-method signature="emptypwdCheck()[pri:0, instance:com.sakshi.testscript.Login@4803b726]" started-at="2023-01-21T18:14:14 IST" name="emptypwdCheck" finished-at="2023-01-21T18:14:14 IST" duration-ms="225" status="PASS">
          <reporter-output>
            <line>
              <![CDATA[123456]]>
            </line>
            <line>
              <![CDATA[avbghhjs]]>
            </line>
          </reporter-output>
        </test-method> <!-- emptypwdCheck -->
        <test-method is-config="true" signature="logout()[pri:0, instance:com.sakshi.testscript.Login@4803b726]" started-at="2023-01-21T18:14:14 IST" name="logout" finished-at="2023-01-21T18:14:18 IST" duration-ms="3003" status="PASS">
          <reporter-output>
          </reporter-output>
        </test-method> <!-- logout -->
        <test-method is-config="true" signature="login()[pri:0, instance:com.sakshi.testscript.Login@4803b726]" started-at="2023-01-21T18:14:18 IST" name="login" finished-at="2023-01-21T18:14:18 IST" duration-ms="161" status="PASS">
          <reporter-output>
          </reporter-output>
        </test-method> <!-- login -->
        <test-method signature="isSelected()[pri:0, instance:com.sakshi.testscript.Login@4803b726]" started-at="2023-01-21T18:14:18 IST" name="isSelected" finished-at="2023-01-21T18:14:18 IST" duration-ms="52" status="PASS">
          <reporter-output>
          </reporter-output>
        </test-method> <!-- isSelected -->
        <test-method is-config="true" signature="logout()[pri:0, instance:com.sakshi.testscript.Login@4803b726]" started-at="2023-01-21T18:14:18 IST" name="logout" finished-at="2023-01-21T18:14:21 IST" duration-ms="3010" status="PASS">
          <reporter-output>
          </reporter-output>
        </test-method> <!-- logout -->
        <test-method is-config="true" signature="login()[pri:0, instance:com.sakshi.testscript.Login@4803b726]" started-at="2023-01-21T18:14:21 IST" name="login" finished-at="2023-01-21T18:14:21 IST" duration-ms="355" status="PASS">
          <reporter-output>
          </reporter-output>
        </test-method> <!-- login -->
        <test-method signature="isSorted()[pri:0, instance:com.sakshi.testscript.Login@4803b726]" started-at="2023-01-21T18:14:21 IST" name="isSorted" finished-at="2023-01-21T18:14:28 IST" duration-ms="6463" status="PASS">
          <reporter-output>
          </reporter-output>
        </test-method> <!-- isSorted -->
        <test-method is-config="true" signature="logout()[pri:0, instance:com.sakshi.testscript.Login@4803b726]" started-at="2023-01-21T18:14:28 IST" name="logout" finished-at="2023-01-21T18:14:31 IST" duration-ms="3002" status="PASS">
          <reporter-output>
          </reporter-output>
        </test-method> <!-- logout -->
        <test-method is-config="true" signature="login()[pri:0, instance:com.sakshi.testscript.Login@4803b726]" started-at="2023-01-21T18:14:31 IST" name="login" finished-at="2023-01-21T18:14:31 IST" duration-ms="142" status="PASS">
          <reporter-output>
          </reporter-output>
        </test-method> <!-- login -->
        <test-method signature="ischecked()[pri:0, instance:com.sakshi.testscript.Login@4803b726]" started-at="2023-01-21T18:14:31 IST" name="ischecked" finished-at="2023-01-21T18:14:31 IST" duration-ms="124" status="PASS">
          <reporter-output>
          </reporter-output>
        </test-method> <!-- ischecked -->
        <test-method is-config="true" signature="logout()[pri:0, instance:com.sakshi.testscript.Login@4803b726]" started-at="2023-01-21T18:14:31 IST" name="logout" finished-at="2023-01-21T18:14:34 IST" duration-ms="3014" status="PASS">
          <reporter-output>
          </reporter-output>
        </test-method> <!-- logout -->
        <test-method is-config="true" signature="login()[pri:0, instance:com.sakshi.testscript.Login@4803b726]" started-at="2023-01-21T18:14:34 IST" name="login" finished-at="2023-01-21T18:14:35 IST" duration-ms="1214" status="PASS">
          <reporter-output>
          </reporter-output>
        </test-method> <!-- login -->
        <test-method signature="placeHolderCheck()[pri:0, instance:com.sakshi.testscript.Login@4803b726]" started-at="2023-01-21T18:14:35 IST" name="placeHolderCheck" finished-at="2023-01-21T18:14:35 IST" duration-ms="96" status="PASS">
          <reporter-output>
          </reporter-output>
        </test-method> <!-- placeHolderCheck -->
        <test-method is-config="true" signature="logout()[pri:0, instance:com.sakshi.testscript.Login@4803b726]" started-at="2023-01-21T18:14:35 IST" name="logout" finished-at="2023-01-21T18:14:38 IST" duration-ms="3003" status="PASS">
          <reporter-output>
          </reporter-output>
        </test-method> <!-- logout -->
        <test-method is-config="true" signature="closebrowse()[pri:0, instance:com.sakshi.testscript.Login@4803b726]" started-at="2023-01-21T18:14:38 IST" name="closebrowse" finished-at="2023-01-21T18:14:38 IST" duration-ms="260" status="PASS">
          <reporter-output>
          </reporter-output>
        </test-method> <!-- closebrowse -->
      </class> <!-- com.sakshi.testscript.Login -->
    </test> <!-- Default test -->
  </suite> <!-- Default suite -->
</testng-results>
